{"C:\\Users\\lukek\\Projects\\atlas-scribe\\src\\errors.js": {"path":"C:\\Users\\lukek\\Projects\\atlas-scribe\\src\\errors.js","statementMap":{"0":{"start":{"line":10,"column":4},"end":{"line":10,"column":19}}},"fnMap":{"0":{"name":"(anonymous_0)","decl":{"start":{"line":9,"column":2},"end":{"line":9,"column":3}},"loc":{"start":{"line":9,"column":31},"end":{"line":11,"column":3}},"line":9}},"branchMap":{},"s":{"0":0},"f":{"0":0},"b":{},"_coverageSchema":"43e27e138ebf9cfc5966b082cf9a028302ed4184","hash":"21d05068cb48d6136f44af0fea14c103f207d25b"}
,"C:\\Users\\lukek\\Projects\\atlas-scribe\\src\\lib\\apiRoute.js": {"path":"C:\\Users\\lukek\\Projects\\atlas-scribe\\src\\lib\\apiRoute.js","statementMap":{"0":{"start":{"line":37,"column":32},"end":{"line":55,"column":1}},"1":{"start":{"line":37,"column":67},"end":{"line":55,"column":1}},"2":{"start":{"line":38,"column":30},"end":{"line":38,"column":45}},"3":{"start":{"line":39,"column":40},"end":{"line":39,"column":54}},"4":{"start":{"line":41,"column":22},"end":{"line":46,"column":3}},"5":{"start":{"line":48,"column":19},"end":{"line":48,"column":51}},"6":{"start":{"line":49,"column":18},"end":{"line":52,"column":3}},"7":{"start":{"line":53,"column":2},"end":{"line":53,"column":73}},"8":{"start":{"line":54,"column":2},"end":{"line":54,"column":45}},"9":{"start":{"line":57,"column":29},"end":{"line":65,"column":1}},"10":{"start":{"line":57,"column":61},"end":{"line":65,"column":1}},"11":{"start":{"line":58,"column":26},"end":{"line":58,"column":41}},"12":{"start":{"line":59,"column":17},"end":{"line":59,"column":31}},"13":{"start":{"line":61,"column":2},"end":{"line":64,"column":4}},"14":{"start":{"line":67,"column":26},"end":{"line":79,"column":2}},"15":{"start":{"line":72,"column":13},"end":{"line":79,"column":1}},"16":{"start":{"line":73,"column":15},"end":{"line":73,"column":58}},"17":{"start":{"line":75,"column":20},"end":{"line":75,"column":75}},"18":{"start":{"line":76,"column":4},"end":{"line":76,"column":52}},"19":{"start":{"line":77,"column":4},"end":{"line":77,"column":14}},"20":{"start":{"line":81,"column":28},"end":{"line":84,"column":2}},"21":{"start":{"line":81,"column":57},"end":{"line":84,"column":1}},"22":{"start":{"line":86,"column":27},"end":{"line":91,"column":1}},"23":{"start":{"line":87,"column":2},"end":{"line":90,"column":69}},"24":{"start":{"line":88,"column":18},"end":{"line":88,"column":28}},"25":{"start":{"line":90,"column":17},"end":{"line":90,"column":68}},"26":{"start":{"line":90,"column":47},"end":{"line":90,"column":66}},"27":{"start":{"line":93,"column":30},"end":{"line":109,"column":1}},"28":{"start":{"line":96,"column":2},"end":{"line":108,"column":24}},"29":{"start":{"line":98,"column":34},"end":{"line":98,"column":79}},"30":{"start":{"line":98,"column":66},"end":{"line":98,"column":78}},"31":{"start":{"line":99,"column":43},"end":{"line":99,"column":103}},"32":{"start":{"line":99,"column":78},"end":{"line":99,"column":102}},"33":{"start":{"line":100,"column":29},"end":{"line":104,"column":7}},"34":{"start":{"line":105,"column":30},"end":{"line":105,"column":73}},"35":{"start":{"line":106,"column":6},"end":{"line":106,"column":50}},"36":{"start":{"line":111,"column":18},"end":{"line":123,"column":1}},"37":{"start":{"line":112,"column":23},"end":{"line":112,"column":65}},"38":{"start":{"line":113,"column":17},"end":{"line":113,"column":20}},"39":{"start":{"line":114,"column":18},"end":{"line":117,"column":3}},"40":{"start":{"line":118,"column":2},"end":{"line":122,"column":4}},"41":{"start":{"line":125,"column":33},"end":{"line":131,"column":1}},"42":{"start":{"line":128,"column":5},"end":{"line":131,"column":1}},"43":{"start":{"line":133,"column":29},"end":{"line":137,"column":2}},"44":{"start":{"line":133,"column":60},"end":{"line":137,"column":1}},"45":{"start":{"line":139,"column":24},"end":{"line":143,"column":2}},"46":{"start":{"line":139,"column":55},"end":{"line":143,"column":1}},"47":{"start":{"line":145,"column":35},"end":{"line":149,"column":2}},"48":{"start":{"line":145,"column":66},"end":{"line":149,"column":1}}},"fnMap":{"0":{"name":"(anonymous_0)","decl":{"start":{"line":37,"column":32},"end":{"line":37,"column":33}},"loc":{"start":{"line":37,"column":67},"end":{"line":55,"column":1}},"line":37},"1":{"name":"(anonymous_1)","decl":{"start":{"line":37,"column":67},"end":{"line":37,"column":68}},"loc":{"start":{"line":37,"column":110},"end":{"line":55,"column":1}},"line":37},"2":{"name":"(anonymous_2)","decl":{"start":{"line":57,"column":29},"end":{"line":57,"column":30}},"loc":{"start":{"line":57,"column":61},"end":{"line":65,"column":1}},"line":57},"3":{"name":"(anonymous_3)","decl":{"start":{"line":57,"column":61},"end":{"line":57,"column":62}},"loc":{"start":{"line":57,"column":82},"end":{"line":65,"column":1}},"line":57},"4":{"name":"(anonymous_4)","decl":{"start":{"line":67,"column":26},"end":{"line":67,"column":27}},"loc":{"start":{"line":72,"column":13},"end":{"line":79,"column":1}},"line":72},"5":{"name":"(anonymous_5)","decl":{"start":{"line":73,"column":8},"end":{"line":73,"column":9}},"loc":{"start":{"line":73,"column":15},"end":{"line":73,"column":58}},"line":73},"6":{"name":"(anonymous_6)","decl":{"start":{"line":74,"column":11},"end":{"line":74,"column":12}},"loc":{"start":{"line":74,"column":25},"end":{"line":78,"column":3}},"line":74},"7":{"name":"(anonymous_7)","decl":{"start":{"line":81,"column":28},"end":{"line":81,"column":29}},"loc":{"start":{"line":81,"column":57},"end":{"line":84,"column":1}},"line":81},"8":{"name":"(anonymous_8)","decl":{"start":{"line":86,"column":27},"end":{"line":86,"column":28}},"loc":{"start":{"line":87,"column":2},"end":{"line":90,"column":69}},"line":87},"9":{"name":"(anonymous_9)","decl":{"start":{"line":88,"column":9},"end":{"line":88,"column":10}},"loc":{"start":{"line":88,"column":18},"end":{"line":88,"column":28}},"line":88},"10":{"name":"(anonymous_10)","decl":{"start":{"line":90,"column":9},"end":{"line":90,"column":10}},"loc":{"start":{"line":90,"column":17},"end":{"line":90,"column":68}},"line":90},"11":{"name":"(anonymous_11)","decl":{"start":{"line":90,"column":38},"end":{"line":90,"column":39}},"loc":{"start":{"line":90,"column":47},"end":{"line":90,"column":66}},"line":90},"12":{"name":"(anonymous_12)","decl":{"start":{"line":93,"column":30},"end":{"line":93,"column":31}},"loc":{"start":{"line":96,"column":2},"end":{"line":108,"column":24}},"line":96},"13":{"name":"(anonymous_13)","decl":{"start":{"line":97,"column":9},"end":{"line":97,"column":10}},"loc":{"start":{"line":97,"column":40},"end":{"line":107,"column":5}},"line":97},"14":{"name":"(anonymous_14)","decl":{"start":{"line":98,"column":57},"end":{"line":98,"column":58}},"loc":{"start":{"line":98,"column":66},"end":{"line":98,"column":78}},"line":98},"15":{"name":"(anonymous_15)","decl":{"start":{"line":99,"column":69},"end":{"line":99,"column":70}},"loc":{"start":{"line":99,"column":78},"end":{"line":99,"column":102}},"line":99},"16":{"name":"(anonymous_16)","decl":{"start":{"line":111,"column":18},"end":{"line":111,"column":19}},"loc":{"start":{"line":111,"column":63},"end":{"line":123,"column":1}},"line":111},"17":{"name":"(anonymous_17)","decl":{"start":{"line":125,"column":33},"end":{"line":125,"column":34}},"loc":{"start":{"line":128,"column":5},"end":{"line":131,"column":1}},"line":128},"18":{"name":"(anonymous_18)","decl":{"start":{"line":133,"column":29},"end":{"line":133,"column":30}},"loc":{"start":{"line":133,"column":60},"end":{"line":137,"column":1}},"line":133},"19":{"name":"(anonymous_19)","decl":{"start":{"line":139,"column":24},"end":{"line":139,"column":25}},"loc":{"start":{"line":139,"column":55},"end":{"line":143,"column":1}},"line":139},"20":{"name":"(anonymous_20)","decl":{"start":{"line":145,"column":35},"end":{"line":145,"column":36}},"loc":{"start":{"line":145,"column":66},"end":{"line":149,"column":1}},"line":145}},"branchMap":{"0":{"loc":{"start":{"line":39,"column":9},"end":{"line":39,"column":18}},"type":"default-arg","locations":[{"start":{"line":39,"column":16},"end":{"line":39,"column":18}}],"line":39},"1":{"loc":{"start":{"line":39,"column":20},"end":{"line":39,"column":36}},"type":"default-arg","locations":[{"start":{"line":39,"column":34},"end":{"line":39,"column":36}}],"line":39},"2":{"loc":{"start":{"line":62,"column":4},"end":{"line":63,"column":50}},"type":"binary-expr","locations":[{"start":{"line":62,"column":4},"end":{"line":62,"column":54}},{"start":{"line":63,"column":4},"end":{"line":63,"column":50}}],"line":62},"3":{"loc":{"start":{"line":69,"column":2},"end":{"line":69,"column":39}},"type":"default-arg","locations":[{"start":{"line":69,"column":32},"end":{"line":69,"column":39}}],"line":69},"4":{"loc":{"start":{"line":70,"column":2},"end":{"line":70,"column":35}},"type":"default-arg","locations":[{"start":{"line":70,"column":30},"end":{"line":70,"column":35}}],"line":70},"5":{"loc":{"start":{"line":71,"column":2},"end":{"line":71,"column":23}},"type":"default-arg","locations":[{"start":{"line":71,"column":20},"end":{"line":71,"column":23}}],"line":71},"6":{"loc":{"start":{"line":73,"column":15},"end":{"line":73,"column":58}},"type":"binary-expr","locations":[{"start":{"line":73,"column":15},"end":{"line":73,"column":30}},{"start":{"line":73,"column":34},"end":{"line":73,"column":58}}],"line":73}},"s":{"0":1,"1":8,"2":0,"3":0,"4":0,"5":0,"6":0,"7":0,"8":0,"9":1,"10":8,"11":34,"12":34,"13":34,"14":1,"15":6,"16":24,"17":0,"18":0,"19":0,"20":1,"21":8,"22":1,"23":2,"24":8,"25":6,"26":26,"27":1,"28":2,"29":6,"30":8,"31":6,"32":8,"33":6,"34":6,"35":6,"36":1,"37":0,"38":0,"39":0,"40":0,"41":1,"42":0,"43":1,"44":0,"45":1,"46":0,"47":1,"48":0},"f":{"0":8,"1":0,"2":8,"3":34,"4":6,"5":24,"6":0,"7":8,"8":2,"9":8,"10":6,"11":26,"12":2,"13":6,"14":8,"15":8,"16":0,"17":0,"18":0,"19":0,"20":0},"b":{"0":[0],"1":[0],"2":[34,16],"3":[0],"4":[0],"5":[6],"6":[24,4]},"_coverageSchema":"43e27e138ebf9cfc5966b082cf9a028302ed4184","hash":"163c2751f27794e959318114012b30912f8e1465"}
,"C:\\Users\\lukek\\Projects\\atlas-scribe\\src\\lib\\array.js": {"path":"C:\\Users\\lukek\\Projects\\atlas-scribe\\src\\lib\\array.js","statementMap":{"0":{"start":{"line":3,"column":24},"end":{"line":3,"column":112}},"1":{"start":{"line":3,"column":82},"end":{"line":3,"column":112}},"2":{"start":{"line":5,"column":23},"end":{"line":5,"column":90}},"3":{"start":{"line":5,"column":72},"end":{"line":5,"column":90}}},"fnMap":{"0":{"name":"(anonymous_0)","decl":{"start":{"line":3,"column":24},"end":{"line":3,"column":25}},"loc":{"start":{"line":3,"column":82},"end":{"line":3,"column":112}},"line":3},"1":{"name":"(anonymous_1)","decl":{"start":{"line":5,"column":23},"end":{"line":5,"column":24}},"loc":{"start":{"line":5,"column":72},"end":{"line":5,"column":90}},"line":5}},"branchMap":{},"s":{"0":1,"1":8,"2":1,"3":6},"f":{"0":8,"1":6},"b":{},"_coverageSchema":"43e27e138ebf9cfc5966b082cf9a028302ed4184","hash":"5b026299c59045b129ad8baa509130f2920a999c"}
,"C:\\Users\\lukek\\Projects\\atlas-scribe\\src\\lib\\error.js": {"path":"C:\\Users\\lukek\\Projects\\atlas-scribe\\src\\lib\\error.js","statementMap":{"0":{"start":{"line":3,"column":40},"end":{"line":18,"column":3}},"1":{"start":{"line":6,"column":40},"end":{"line":18,"column":3}},"2":{"start":{"line":7,"column":4},"end":{"line":17,"column":5}},"3":{"start":{"line":8,"column":6},"end":{"line":8,"column":33}},"4":{"start":{"line":10,"column":32},"end":{"line":12,"column":7}},"5":{"start":{"line":11,"column":31},"end":{"line":11,"column":66}},"6":{"start":{"line":13,"column":6},"end":{"line":15,"column":7}},"7":{"start":{"line":14,"column":8},"end":{"line":14,"column":24}},"8":{"start":{"line":16,"column":6},"end":{"line":16,"column":45}},"9":{"start":{"line":19,"column":26},"end":{"line":19,"column":50}}},"fnMap":{"0":{"name":"(anonymous_0)","decl":{"start":{"line":3,"column":40},"end":{"line":3,"column":41}},"loc":{"start":{"line":6,"column":40},"end":{"line":18,"column":3}},"line":6},"1":{"name":"(anonymous_1)","decl":{"start":{"line":6,"column":40},"end":{"line":6,"column":41}},"loc":{"start":{"line":6,"column":59},"end":{"line":18,"column":3}},"line":6},"2":{"name":"(anonymous_2)","decl":{"start":{"line":11,"column":8},"end":{"line":11,"column":9}},"loc":{"start":{"line":11,"column":31},"end":{"line":11,"column":66}},"line":11}},"branchMap":{"0":{"loc":{"start":{"line":13,"column":6},"end":{"line":15,"column":7}},"type":"if","locations":[{"start":{"line":13,"column":6},"end":{"line":15,"column":7}},{"start":{"line":13,"column":6},"end":{"line":15,"column":7}}],"line":13}},"s":{"0":1,"1":0,"2":0,"3":0,"4":0,"5":0,"6":0,"7":0,"8":0,"9":1},"f":{"0":0,"1":0,"2":0},"b":{"0":[0,0]},"_coverageSchema":"43e27e138ebf9cfc5966b082cf9a028302ed4184","hash":"f33930ede61262566f0811bd8f2e7c3a85a4e452"}
,"C:\\Users\\lukek\\Projects\\atlas-scribe\\src\\lib\\header.js": {"path":"C:\\Users\\lukek\\Projects\\atlas-scribe\\src\\lib\\header.js","statementMap":{"0":{"start":{"line":4,"column":37},"end":{"line":9,"column":17}},"1":{"start":{"line":4,"column":135},"end":{"line":9,"column":17}}},"fnMap":{"0":{"name":"(anonymous_0)","decl":{"start":{"line":4,"column":37},"end":{"line":4,"column":38}},"loc":{"start":{"line":4,"column":135},"end":{"line":9,"column":17}},"line":4}},"branchMap":{"0":{"loc":{"start":{"line":7,"column":2},"end":{"line":7,"column":69}},"type":"cond-expr","locations":[{"start":{"line":7,"column":19},"end":{"line":7,"column":62}},{"start":{"line":7,"column":65},"end":{"line":7,"column":69}}],"line":7},"1":{"loc":{"start":{"line":8,"column":2},"end":{"line":8,"column":75}},"type":"cond-expr","locations":[{"start":{"line":8,"column":19},"end":{"line":8,"column":68}},{"start":{"line":8,"column":71},"end":{"line":8,"column":75}}],"line":8}},"s":{"0":1,"1":0},"f":{"0":0},"b":{"0":[0,0],"1":[0,0]},"_coverageSchema":"43e27e138ebf9cfc5966b082cf9a028302ed4184","hash":"ae88e1d19bd05830f9aa2e075d9e3f0aec640dce"}
,"C:\\Users\\lukek\\Projects\\atlas-scribe\\src\\lib\\http.js": {"path":"C:\\Users\\lukek\\Projects\\atlas-scribe\\src\\lib\\http.js","statementMap":{"0":{"start":{"line":21,"column":28},"end":{"line":27,"column":1}},"1":{"start":{"line":22,"column":2},"end":{"line":26,"column":3}},"2":{"start":{"line":24,"column":21},"end":{"line":24,"column":40}},"3":{"start":{"line":25,"column":26},"end":{"line":25,"column":62}},"4":{"start":{"line":29,"column":28},"end":{"line":34,"column":1}},"5":{"start":{"line":30,"column":2},"end":{"line":33,"column":3}},"6":{"start":{"line":31,"column":26},"end":{"line":31,"column":41}},"7":{"start":{"line":32,"column":33},"end":{"line":32,"column":88}}},"fnMap":{"0":{"name":"(anonymous_0)","decl":{"start":{"line":21,"column":28},"end":{"line":21,"column":29}},"loc":{"start":{"line":22,"column":2},"end":{"line":26,"column":3}},"line":22},"1":{"name":"(anonymous_1)","decl":{"start":{"line":24,"column":9},"end":{"line":24,"column":10}},"loc":{"start":{"line":24,"column":21},"end":{"line":24,"column":40}},"line":24},"2":{"name":"(anonymous_2)","decl":{"start":{"line":25,"column":9},"end":{"line":25,"column":10}},"loc":{"start":{"line":25,"column":26},"end":{"line":25,"column":62}},"line":25},"3":{"name":"(anonymous_3)","decl":{"start":{"line":29,"column":28},"end":{"line":29,"column":29}},"loc":{"start":{"line":30,"column":2},"end":{"line":33,"column":3}},"line":30},"4":{"name":"(anonymous_4)","decl":{"start":{"line":31,"column":12},"end":{"line":31,"column":13}},"loc":{"start":{"line":31,"column":26},"end":{"line":31,"column":41}},"line":31},"5":{"name":"(anonymous_5)","decl":{"start":{"line":32,"column":9},"end":{"line":32,"column":10}},"loc":{"start":{"line":32,"column":33},"end":{"line":32,"column":88}},"line":32}},"branchMap":{},"s":{"0":1,"1":0,"2":0,"3":0,"4":1,"5":0,"6":0,"7":0},"f":{"0":0,"1":0,"2":0,"3":0,"4":0,"5":0},"b":{},"_coverageSchema":"43e27e138ebf9cfc5966b082cf9a028302ed4184","hash":"c2f4988b0f96973fb36fe099e49c25cafe69b3b0"}
,"C:\\Users\\lukek\\Projects\\atlas-scribe\\src\\lib\\object.js": {"path":"C:\\Users\\lukek\\Projects\\atlas-scribe\\src\\lib\\object.js","statementMap":{"0":{"start":{"line":3,"column":34},"end":{"line":5,"column":1}},"1":{"start":{"line":4,"column":2},"end":{"line":4,"column":69}},"2":{"start":{"line":4,"column":38},"end":{"line":4,"column":63}}},"fnMap":{"0":{"name":"(anonymous_0)","decl":{"start":{"line":3,"column":34},"end":{"line":3,"column":35}},"loc":{"start":{"line":4,"column":2},"end":{"line":4,"column":69}},"line":4},"1":{"name":"(anonymous_1)","decl":{"start":{"line":4,"column":13},"end":{"line":4,"column":14}},"loc":{"start":{"line":4,"column":38},"end":{"line":4,"column":63}},"line":4}},"branchMap":{},"s":{"0":1,"1":0,"2":0},"f":{"0":0,"1":0},"b":{},"_coverageSchema":"43e27e138ebf9cfc5966b082cf9a028302ed4184","hash":"1276275705d1197b52e3f71242a9cc66ae5144eb"}
,"C:\\Users\\lukek\\Projects\\atlas-scribe\\src\\lib\\stream.js": {"path":"C:\\Users\\lukek\\Projects\\atlas-scribe\\src\\lib\\stream.js","statementMap":{"0":{"start":{"line":7,"column":26},"end":{"line":13,"column":2}},"1":{"start":{"line":7,"column":65},"end":{"line":13,"column":2}},"2":{"start":{"line":8,"column":26},"end":{"line":8,"column":28}},"3":{"start":{"line":9,"column":2},"end":{"line":9,"column":29}},"4":{"start":{"line":10,"column":2},"end":{"line":10,"column":58}},"5":{"start":{"line":10,"column":29},"end":{"line":10,"column":56}},"6":{"start":{"line":11,"column":2},"end":{"line":11,"column":60}},"7":{"start":{"line":11,"column":25},"end":{"line":11,"column":58}},"8":{"start":{"line":12,"column":2},"end":{"line":12,"column":29}},"9":{"start":{"line":19,"column":4},"end":{"line":19,"column":12}},"10":{"start":{"line":20,"column":4},"end":{"line":20,"column":44}},"11":{"start":{"line":25,"column":4},"end":{"line":25,"column":33}},"12":{"start":{"line":26,"column":4},"end":{"line":26,"column":20}},"13":{"start":{"line":30,"column":4},"end":{"line":30,"column":40}},"14":{"start":{"line":36,"column":4},"end":{"line":36,"column":12}},"15":{"start":{"line":40,"column":4},"end":{"line":40,"column":20}},"16":{"start":{"line":44,"column":4},"end":{"line":44,"column":13}}},"fnMap":{"0":{"name":"(anonymous_0)","decl":{"start":{"line":7,"column":26},"end":{"line":7,"column":27}},"loc":{"start":{"line":7,"column":65},"end":{"line":13,"column":2}},"line":7},"1":{"name":"(anonymous_1)","decl":{"start":{"line":7,"column":77},"end":{"line":7,"column":78}},"loc":{"start":{"line":7,"column":98},"end":{"line":13,"column":1}},"line":7},"2":{"name":"(anonymous_2)","decl":{"start":{"line":10,"column":20},"end":{"line":10,"column":21}},"loc":{"start":{"line":10,"column":29},"end":{"line":10,"column":56}},"line":10},"3":{"name":"(anonymous_3)","decl":{"start":{"line":11,"column":19},"end":{"line":11,"column":20}},"loc":{"start":{"line":11,"column":25},"end":{"line":11,"column":58}},"line":11},"4":{"name":"(anonymous_4)","decl":{"start":{"line":18,"column":2},"end":{"line":18,"column":3}},"loc":{"start":{"line":18,"column":30},"end":{"line":21,"column":3}},"line":18},"5":{"name":"(anonymous_5)","decl":{"start":{"line":23,"column":2},"end":{"line":23,"column":3}},"loc":{"start":{"line":23,"column":10},"end":{"line":27,"column":3}},"line":23},"6":{"name":"(anonymous_6)","decl":{"start":{"line":29,"column":2},"end":{"line":29,"column":3}},"loc":{"start":{"line":29,"column":14},"end":{"line":31,"column":3}},"line":29},"7":{"name":"(anonymous_7)","decl":{"start":{"line":35,"column":2},"end":{"line":35,"column":3}},"loc":{"start":{"line":35,"column":16},"end":{"line":37,"column":3}},"line":35},"8":{"name":"(anonymous_8)","decl":{"start":{"line":39,"column":2},"end":{"line":39,"column":3}},"loc":{"start":{"line":39,"column":10},"end":{"line":41,"column":3}},"line":39},"9":{"name":"(anonymous_9)","decl":{"start":{"line":43,"column":2},"end":{"line":43,"column":3}},"loc":{"start":{"line":43,"column":14},"end":{"line":45,"column":3}},"line":43}},"branchMap":{},"s":{"0":1,"1":0,"2":0,"3":0,"4":0,"5":0,"6":0,"7":0,"8":0,"9":0,"10":0,"11":0,"12":0,"13":0,"14":0,"15":0,"16":0},"f":{"0":0,"1":0,"2":0,"3":0,"4":0,"5":0,"6":0,"7":0,"8":0,"9":0},"b":{},"_coverageSchema":"43e27e138ebf9cfc5966b082cf9a028302ed4184","hash":"12cf2bddb1e2e9782650eb391baa29714ae1616a"}
,"C:\\Users\\lukek\\Projects\\atlas-scribe\\src\\lib\\string.js": {"path":"C:\\Users\\lukek\\Projects\\atlas-scribe\\src\\lib\\string.js","statementMap":{"0":{"start":{"line":3,"column":44},"end":{"line":5,"column":1}},"1":{"start":{"line":4,"column":2},"end":{"line":4,"column":49}}},"fnMap":{"0":{"name":"(anonymous_0)","decl":{"start":{"line":3,"column":44},"end":{"line":3,"column":45}},"loc":{"start":{"line":4,"column":2},"end":{"line":4,"column":49}},"line":4}},"branchMap":{},"s":{"0":1,"1":50},"f":{"0":50},"b":{},"_coverageSchema":"43e27e138ebf9cfc5966b082cf9a028302ed4184","hash":"62aba9d9daf76aa416600b8b541a5c3bdcd09944"}
,"C:\\Users\\lukek\\Projects\\atlas-scribe\\src\\services\\index.js": {"path":"C:\\Users\\lukek\\Projects\\atlas-scribe\\src\\services\\index.js","statementMap":{"0":{"start":{"line":9,"column":4},"end":{"line":11,"column":6}},"1":{"start":{"line":15,"column":28},"end":{"line":15,"column":48}}},"fnMap":{"0":{"name":"(anonymous_0)","decl":{"start":{"line":8,"column":2},"end":{"line":8,"column":3}},"loc":{"start":{"line":8,"column":52},"end":{"line":12,"column":3}},"line":8}},"branchMap":{},"s":{"0":0,"1":1},"f":{"0":0},"b":{},"_coverageSchema":"43e27e138ebf9cfc5966b082cf9a028302ed4184","hash":"0e052027041934966e34b888de8163ece871e371"}
,"C:\\Users\\lukek\\Projects\\atlas-scribe\\src\\services\\storage.js": {"path":"C:\\Users\\lukek\\Projects\\atlas-scribe\\src\\services\\storage.js","statementMap":{"0":{"start":{"line":6,"column":4},"end":{"line":6,"column":38}},"1":{"start":{"line":12,"column":4},"end":{"line":12,"column":38}}},"fnMap":{"0":{"name":"(anonymous_0)","decl":{"start":{"line":5,"column":2},"end":{"line":5,"column":3}},"loc":{"start":{"line":5,"column":31},"end":{"line":7,"column":3}},"line":5},"1":{"name":"(anonymous_1)","decl":{"start":{"line":11,"column":2},"end":{"line":11,"column":3}},"loc":{"start":{"line":11,"column":31},"end":{"line":13,"column":3}},"line":11}},"branchMap":{},"s":{"0":0,"1":0},"f":{"0":0,"1":0},"b":{},"_coverageSchema":"43e27e138ebf9cfc5966b082cf9a028302ed4184","hash":"f2d9ca78198a0f09ac4b46601d953c7e7e42c69f"}
,"C:\\Users\\lukek\\Projects\\atlas-scribe\\src\\services\\storage\\memoryStorage.js": {"path":"C:\\Users\\lukek\\Projects\\atlas-scribe\\src\\services\\storage\\memoryStorage.js","statementMap":{"0":{"start":{"line":7,"column":4},"end":{"line":7,"column":31}},"1":{"start":{"line":12,"column":4},"end":{"line":12,"column":31}},"2":{"start":{"line":21,"column":41},"end":{"line":58,"column":1}},"3":{"start":{"line":24,"column":17},"end":{"line":29,"column":3}},"4":{"start":{"line":25,"column":4},"end":{"line":27,"column":5}},"5":{"start":{"line":26,"column":6},"end":{"line":26,"column":44}},"6":{"start":{"line":28,"column":4},"end":{"line":28,"column":26}},"7":{"start":{"line":30,"column":15},"end":{"line":36,"column":3}},"8":{"start":{"line":31,"column":4},"end":{"line":33,"column":5}},"9":{"start":{"line":32,"column":6},"end":{"line":32,"column":53}},"10":{"start":{"line":35,"column":4},"end":{"line":35,"column":36}},"11":{"start":{"line":37,"column":17},"end":{"line":42,"column":3}},"12":{"start":{"line":38,"column":4},"end":{"line":40,"column":5}},"13":{"start":{"line":39,"column":6},"end":{"line":39,"column":53}},"14":{"start":{"line":41,"column":4},"end":{"line":41,"column":26}},"15":{"start":{"line":43,"column":18},"end":{"line":48,"column":3}},"16":{"start":{"line":44,"column":4},"end":{"line":46,"column":5}},"17":{"start":{"line":45,"column":6},"end":{"line":45,"column":53}},"18":{"start":{"line":47,"column":4},"end":{"line":47,"column":22}},"19":{"start":{"line":50,"column":2},"end":{"line":57,"column":4}},"20":{"start":{"line":55,"column":19},"end":{"line":55,"column":34}},"21":{"start":{"line":56,"column":24},"end":{"line":56,"column":43}}},"fnMap":{"0":{"name":"(anonymous_0)","decl":{"start":{"line":6,"column":2},"end":{"line":6,"column":3}},"loc":{"start":{"line":6,"column":25},"end":{"line":8,"column":3}},"line":6},"1":{"name":"(anonymous_1)","decl":{"start":{"line":11,"column":2},"end":{"line":11,"column":3}},"loc":{"start":{"line":11,"column":25},"end":{"line":13,"column":3}},"line":11},"2":{"name":"(anonymous_2)","decl":{"start":{"line":21,"column":41},"end":{"line":21,"column":42}},"loc":{"start":{"line":23,"column":41},"end":{"line":58,"column":1}},"line":23},"3":{"name":"(anonymous_3)","decl":{"start":{"line":24,"column":17},"end":{"line":24,"column":18}},"loc":{"start":{"line":24,"column":39},"end":{"line":29,"column":3}},"line":24},"4":{"name":"(anonymous_4)","decl":{"start":{"line":30,"column":15},"end":{"line":30,"column":16}},"loc":{"start":{"line":30,"column":30},"end":{"line":36,"column":3}},"line":30},"5":{"name":"(anonymous_5)","decl":{"start":{"line":37,"column":17},"end":{"line":37,"column":18}},"loc":{"start":{"line":37,"column":39},"end":{"line":42,"column":3}},"line":37},"6":{"name":"(anonymous_6)","decl":{"start":{"line":43,"column":18},"end":{"line":43,"column":19}},"loc":{"start":{"line":43,"column":33},"end":{"line":48,"column":3}},"line":43},"7":{"name":"(anonymous_7)","decl":{"start":{"line":55,"column":13},"end":{"line":55,"column":14}},"loc":{"start":{"line":55,"column":19},"end":{"line":55,"column":34}},"line":55},"8":{"name":"(anonymous_8)","decl":{"start":{"line":56,"column":12},"end":{"line":56,"column":13}},"loc":{"start":{"line":56,"column":24},"end":{"line":56,"column":43}},"line":56}},"branchMap":{"0":{"loc":{"start":{"line":22,"column":2},"end":{"line":22,"column":39}},"type":"default-arg","locations":[{"start":{"line":22,"column":30},"end":{"line":22,"column":39}}],"line":22},"1":{"loc":{"start":{"line":25,"column":4},"end":{"line":27,"column":5}},"type":"if","locations":[{"start":{"line":25,"column":4},"end":{"line":27,"column":5}},{"start":{"line":25,"column":4},"end":{"line":27,"column":5}}],"line":25},"2":{"loc":{"start":{"line":31,"column":4},"end":{"line":33,"column":5}},"type":"if","locations":[{"start":{"line":31,"column":4},"end":{"line":33,"column":5}},{"start":{"line":31,"column":4},"end":{"line":33,"column":5}}],"line":31},"3":{"loc":{"start":{"line":38,"column":4},"end":{"line":40,"column":5}},"type":"if","locations":[{"start":{"line":38,"column":4},"end":{"line":40,"column":5}},{"start":{"line":38,"column":4},"end":{"line":40,"column":5}}],"line":38},"4":{"loc":{"start":{"line":44,"column":4},"end":{"line":46,"column":5}},"type":"if","locations":[{"start":{"line":44,"column":4},"end":{"line":46,"column":5}},{"start":{"line":44,"column":4},"end":{"line":46,"column":5}}],"line":44}},"s":{"0":0,"1":0,"2":1,"3":2,"4":1,"5":0,"6":1,"7":2,"8":3,"9":0,"10":3,"11":2,"12":1,"13":0,"14":1,"15":2,"16":0,"17":0,"18":0,"19":2,"20":0,"21":0},"f":{"0":0,"1":0,"2":2,"3":1,"4":3,"5":1,"6":0,"7":0,"8":0},"b":{"0":[1],"1":[0,1],"2":[0,3],"3":[0,1],"4":[0,0]},"_coverageSchema":"43e27e138ebf9cfc5966b082cf9a028302ed4184","hash":"a6a7f0890331a42c73590ba3826e03391f06c764"}
,"C:\\Users\\lukek\\Projects\\atlas-scribe\\src\\services\\user\\basicUser.js": {"path":"C:\\Users\\lukek\\Projects\\atlas-scribe\\src\\services\\user\\basicUser.js","statementMap":{"0":{"start":{"line":5,"column":37},"end":{"line":14,"column":1}},"1":{"start":{"line":8,"column":18},"end":{"line":10,"column":3}},"2":{"start":{"line":9,"column":4},"end":{"line":9,"column":23}},"3":{"start":{"line":11,"column":2},"end":{"line":13,"column":4}}},"fnMap":{"0":{"name":"(anonymous_0)","decl":{"start":{"line":5,"column":37},"end":{"line":5,"column":38}},"loc":{"start":{"line":7,"column":18},"end":{"line":14,"column":1}},"line":7},"1":{"name":"(anonymous_1)","decl":{"start":{"line":8,"column":18},"end":{"line":8,"column":19}},"loc":{"start":{"line":8,"column":30},"end":{"line":10,"column":3}},"line":8}},"branchMap":{},"s":{"0":1,"1":1,"2":1,"3":1},"f":{"0":1,"1":1},"b":{},"_coverageSchema":"43e27e138ebf9cfc5966b082cf9a028302ed4184","hash":"173dc772f324991b637ae6c5b3b3811fa4799a3d"}
}
