TN:
SF:C:\Users\lukek\Projects\atlas-scribe\src\errors.js
FN:9,(anonymous_0)
FNF:1
FNH:0
FNDA:0,(anonymous_0)
DA:10,0
LF:1
LH:0
BRF:0
BRH:0
end_of_record
TN:
SF:C:\Users\lukek\Projects\atlas-scribe\src\lib\apiRoute.js
FN:37,(anonymous_0)
FN:37,(anonymous_1)
FN:57,(anonymous_2)
FN:57,(anonymous_3)
FN:67,(anonymous_4)
FN:73,(anonymous_5)
FN:74,(anonymous_6)
FN:81,(anonymous_7)
FN:86,(anonymous_8)
FN:88,(anonymous_9)
FN:90,(anonymous_10)
FN:90,(anonymous_11)
FN:93,(anonymous_12)
FN:97,(anonymous_13)
FN:98,(anonymous_14)
FN:99,(anonymous_15)
FN:111,(anonymous_16)
FN:125,(anonymous_17)
FN:133,(anonymous_18)
FN:139,(anonymous_19)
FN:145,(anonymous_20)
FNF:21
FNH:14
FNDA:8,(anonymous_0)
FNDA:0,(anonymous_1)
FNDA:8,(anonymous_2)
FNDA:34,(anonymous_3)
FNDA:6,(anonymous_4)
FNDA:24,(anonymous_5)
FNDA:0,(anonymous_6)
FNDA:8,(anonymous_7)
FNDA:2,(anonymous_8)
FNDA:8,(anonymous_9)
FNDA:6,(anonymous_10)
FNDA:26,(anonymous_11)
FNDA:2,(anonymous_12)
FNDA:6,(anonymous_13)
FNDA:8,(anonymous_14)
FNDA:8,(anonymous_15)
FNDA:0,(anonymous_16)
FNDA:0,(anonymous_17)
FNDA:0,(anonymous_18)
FNDA:0,(anonymous_19)
FNDA:0,(anonymous_20)
DA:37,8
DA:38,0
DA:39,0
DA:41,0
DA:48,0
DA:49,0
DA:53,0
DA:54,0
DA:57,8
DA:58,34
DA:59,34
DA:61,34
DA:67,1
DA:72,6
DA:73,24
DA:75,0
DA:76,0
DA:77,0
DA:81,8
DA:86,1
DA:87,2
DA:88,8
DA:90,26
DA:93,1
DA:96,2
DA:98,8
DA:99,8
DA:100,6
DA:105,6
DA:106,6
DA:111,1
DA:112,0
DA:113,0
DA:114,0
DA:118,0
DA:125,1
DA:128,0
DA:133,1
DA:139,1
DA:145,1
LF:40
LH:25
BRDA:39,0,0,0
BRDA:39,1,0,0
BRDA:62,2,0,34
BRDA:62,2,1,16
BRDA:69,3,0,0
BRDA:70,4,0,0
BRDA:71,5,0,6
BRDA:73,6,0,24
BRDA:73,6,1,4
BRF:9
BRH:5
end_of_record
TN:
SF:C:\Users\lukek\Projects\atlas-scribe\src\lib\array.js
FN:3,(anonymous_0)
FN:5,(anonymous_1)
FNF:2
FNH:2
FNDA:8,(anonymous_0)
FNDA:6,(anonymous_1)
DA:3,8
DA:5,6
LF:2
LH:2
BRF:0
BRH:0
end_of_record
TN:
SF:C:\Users\lukek\Projects\atlas-scribe\src\lib\error.js
FN:3,(anonymous_0)
FN:6,(anonymous_1)
FN:11,(anonymous_2)
FNF:3
FNH:0
FNDA:0,(anonymous_0)
FNDA:0,(anonymous_1)
FNDA:0,(anonymous_2)
DA:3,1
DA:6,0
DA:7,0
DA:8,0
DA:10,0
DA:11,0
DA:13,0
DA:14,0
DA:16,0
DA:19,1
LF:10
LH:2
BRDA:13,0,0,0
BRDA:13,0,1,0
BRF:2
BRH:0
end_of_record
TN:
SF:C:\Users\lukek\Projects\atlas-scribe\src\lib\header.js
FN:4,(anonymous_0)
FNF:1
FNH:0
FNDA:0,(anonymous_0)
DA:4,1
LF:1
LH:1
BRDA:7,0,0,0
BRDA:7,0,1,0
BRDA:8,1,0,0
BRDA:8,1,1,0
BRF:4
BRH:0
end_of_record
TN:
SF:C:\Users\lukek\Projects\atlas-scribe\src\lib\http.js
FN:21,(anonymous_0)
FN:24,(anonymous_1)
FN:25,(anonymous_2)
FN:29,(anonymous_3)
FN:31,(anonymous_4)
FN:32,(anonymous_5)
FNF:6
FNH:0
FNDA:0,(anonymous_0)
FNDA:0,(anonymous_1)
FNDA:0,(anonymous_2)
FNDA:0,(anonymous_3)
FNDA:0,(anonymous_4)
FNDA:0,(anonymous_5)
DA:21,1
DA:22,0
DA:24,0
DA:25,0
DA:29,1
DA:30,0
DA:31,0
DA:32,0
LF:8
LH:2
BRF:0
BRH:0
end_of_record
TN:
SF:C:\Users\lukek\Projects\atlas-scribe\src\lib\object.js
FN:3,(anonymous_0)
FN:4,(anonymous_1)
FNF:2
FNH:0
FNDA:0,(anonymous_0)
FNDA:0,(anonymous_1)
DA:3,1
DA:4,0
LF:2
LH:1
BRF:0
BRH:0
end_of_record
TN:
SF:C:\Users\lukek\Projects\atlas-scribe\src\lib\stream.js
FN:7,(anonymous_0)
FN:7,(anonymous_1)
FN:10,(anonymous_2)
FN:11,(anonymous_3)
FN:18,(anonymous_4)
FN:23,(anonymous_5)
FN:29,(anonymous_6)
FN:35,(anonymous_7)
FN:39,(anonymous_8)
FN:43,(anonymous_9)
FNF:10
FNH:0
FNDA:0,(anonymous_0)
FNDA:0,(anonymous_1)
FNDA:0,(anonymous_2)
FNDA:0,(anonymous_3)
FNDA:0,(anonymous_4)
FNDA:0,(anonymous_5)
FNDA:0,(anonymous_6)
FNDA:0,(anonymous_7)
FNDA:0,(anonymous_8)
FNDA:0,(anonymous_9)
DA:7,1
DA:8,0
DA:9,0
DA:10,0
DA:11,0
DA:12,0
DA:19,0
DA:20,0
DA:25,0
DA:26,0
DA:30,0
DA:36,0
DA:40,0
DA:44,0
LF:14
LH:1
BRF:0
BRH:0
end_of_record
TN:
SF:C:\Users\lukek\Projects\atlas-scribe\src\lib\string.js
FN:3,(anonymous_0)
FNF:1
FNH:1
FNDA:50,(anonymous_0)
DA:3,1
DA:4,50
LF:2
LH:2
BRF:0
BRH:0
end_of_record
TN:
SF:C:\Users\lukek\Projects\atlas-scribe\src\services\index.js
FN:8,(anonymous_0)
FNF:1
FNH:0
FNDA:0,(anonymous_0)
DA:9,0
DA:15,1
LF:2
LH:1
BRF:0
BRH:0
end_of_record
TN:
SF:C:\Users\lukek\Projects\atlas-scribe\src\services\storage.js
FN:5,(anonymous_0)
FN:11,(anonymous_1)
FNF:2
FNH:0
FNDA:0,(anonymous_0)
FNDA:0,(anonymous_1)
DA:6,0
DA:12,0
LF:2
LH:0
BRF:0
BRH:0
end_of_record
TN:
SF:C:\Users\lukek\Projects\atlas-scribe\src\services\storage\memoryStorage.js
FN:6,(anonymous_0)
FN:11,(anonymous_1)
FN:21,(anonymous_2)
FN:24,(anonymous_3)
FN:30,(anonymous_4)
FN:37,(anonymous_5)
FN:43,(anonymous_6)
FN:55,(anonymous_7)
FN:56,(anonymous_8)
FNF:9
FNH:4
FNDA:0,(anonymous_0)
FNDA:0,(anonymous_1)
FNDA:2,(anonymous_2)
FNDA:1,(anonymous_3)
FNDA:3,(anonymous_4)
FNDA:1,(anonymous_5)
FNDA:0,(anonymous_6)
FNDA:0,(anonymous_7)
FNDA:0,(anonymous_8)
DA:7,0
DA:12,0
DA:21,1
DA:24,2
DA:25,1
DA:26,0
DA:28,1
DA:30,2
DA:31,3
DA:32,0
DA:35,3
DA:37,2
DA:38,1
DA:39,0
DA:41,1
DA:43,2
DA:44,0
DA:45,0
DA:47,0
DA:50,2
DA:55,0
DA:56,0
LF:22
LH:12
BRDA:22,0,0,1
BRDA:25,1,0,0
BRDA:25,1,1,1
BRDA:31,2,0,0
BRDA:31,2,1,3
BRDA:38,3,0,0
BRDA:38,3,1,1
BRDA:44,4,0,0
BRDA:44,4,1,0
BRF:9
BRH:4
end_of_record
TN:
SF:C:\Users\lukek\Projects\atlas-scribe\src\services\user\basicUser.js
FN:5,(anonymous_0)
FN:8,(anonymous_1)
FNF:2
FNH:2
FNDA:1,(anonymous_0)
FNDA:1,(anonymous_1)
DA:5,1
DA:8,1
DA:9,1
DA:11,1
LF:4
LH:4
BRF:0
BRH:0
end_of_record
